<?xml version="1.0" encoding="UTF-8"?>
<!-- Generated by org.testng.reporters.JUnitReportReporter -->
<testsuite name="AndroidTest" tests="1" time="10.540" ignored="0" failures="0" timestamp="29 Dec 2016 04:04:26 GMT" skipped="0" hostname="LAPTOP-V8AHIQDD" errors="0">
  <testcase name="test" time="10.540" classname="AndroidTest"/>
</testsuite> <!-- AndroidTest -->
