<?xml version="1.0" encoding="UTF-8"?>
<!-- Generated by org.testng.reporters.JUnitReportReporter -->
<testsuite name="utility.DatabaseConn" tests="1" time="0.284" ignored="0" failures="0" timestamp="28 Dec 2016 11:18:47 GMT" skipped="0" hostname="LAPTOP-V8AHIQDD" errors="0">
  <testcase name="connection" time="0.284" classname="utility.DatabaseConn"/>
</testsuite> <!-- utility.DatabaseConn -->
