<?xml version="1.0" encoding="UTF-8"?>
<!-- Generated by org.testng.reporters.JUnitReportReporter -->
<testsuite name="test" tests="1" time="20.443" ignored="0" failures="0" timestamp="29 Dec 2016 13:25:14 GMT" skipped="0" hostname="LAPTOP-V8AHIQDD" errors="0">
  <testcase name="test1" time="20.443" classname="test"/>
</testsuite> <!-- test -->
